app/build/intermediates/manifest_merge_blame_file/debug/manifest-merger-blame-debug-report.txt
1<?xml version="1.0" encoding="utf-8"?>
2<manifest xmlns:android="http://schemas.android.com/apk/res/android"
3    package="com.tencent.yolov5ncnn"
4    android:versionCode="1"
5    android:versionName="1.1" >
6
7    <uses-sdk
8        android:minSdkVersion="24"
8-->src\main\AndroidManifest.xml
9        android:targetSdkVersion="25" />
9-->[com.tbruyelle.rxpermissions2:rxpermissions:0.9.5] AndroidManifest.xml:9:9-38
10
11    <uses-permission android:name="android.permission.READ_EXTERNAL_STORAGE" />
11-->src\main\AndroidManifest.xml:6:5-79
11-->src\main\AndroidManifest.xml:6:22-77
12    <uses-permission android:name="android.permission.WRITE_EXTERNAL_STORAGE" />
12-->src\main\AndroidManifest.xml:7:5-80
12-->src\main\AndroidManifest.xml:7:22-78
13    <uses-permission android:name="android.permission.MEDIA_CONTENT_CONTROL" />
13-->src\main\AndroidManifest.xml:8:5-79
13-->src\main\AndroidManifest.xml:8:22-77
14
15    <application
15-->src\main\AndroidManifest.xml:9:5-17:19
16        android:debuggable="true"
17        android:extractNativeLibs="false"
18        android:label="@string/app_name"
18-->src\main\AndroidManifest.xml:9:18-50
19        android:testOnly="true" >
20        <activity
20-->src\main\AndroidManifest.xml:10:9-16:20
21            android:name="com.tencent.yolov5ncnn.MainActivity"
21-->src\main\AndroidManifest.xml:10:19-46
22            android:label="@string/app_name" >
22-->src\main\AndroidManifest.xml:11:19-51
23            <intent-filter>
23-->src\main\AndroidManifest.xml:12:13-15:29
24                <action android:name="android.intent.action.MAIN" />
24-->src\main\AndroidManifest.xml:13:17-69
24-->src\main\AndroidManifest.xml:13:25-66
25
26                <category android:name="android.intent.category.LAUNCHER" />
26-->src\main\AndroidManifest.xml:14:17-77
26-->src\main\AndroidManifest.xml:14:27-74
27            </intent-filter>
28        </activity>
29    </application>
30
31</manifest>